2023-09-19T19:59:06.595Z: DELETE /api/v1/feedbacks/delete/review was accessed
2023-09-19T20:05:50.052Z: POST /api/v1/auths/login was accessed
2023-09-19T20:16:51.931Z: POST /api/v1/auths/sign-up was accessed
2023-09-19T20:16:51.940Z: [object Object]/ Authentication route was accessed for signning up
2023-09-19T20:18:27.665Z: POST /api/v1/auths/sign-up was accessed
2023-09-19T20:18:27.670Z: [object Object]/ Authentication route was accessed for signning up
2023-09-19T20:18:48.108Z: POST /api/v1/auths/sign-up was accessed
2023-09-19T20:18:48.110Z: [object Object]/ Authentication route was accessed for signning up
2023-09-19T20:20:11.585Z: POST /api/v1/auths/login was accessed
2023-09-19T20:21:33.165Z: POST /api/v1/auths/sign-up was accessed
2023-09-19T20:21:33.167Z: [object Object]/ Authentication route was accessed for signning up
2023-09-19T20:21:56.966Z: POST /api/v1/auths/login was accessed
2023-09-19T20:22:23.114Z: POST /api/v1/auths/login was accessed
2023-09-19T20:25:17.700Z: POST /api/v1/auths/login was accessed
2023-09-19T20:27:26.737Z: POST /api/v1/auths/login was accessed
2023-09-19T20:27:54.682Z: GET /api/v1/users/all was accessed
2023-09-19T20:29:41.065Z: PATCH /api/v1/users/update/650a02cda5b50cff3eb2e157 was accessed
2023-09-19T20:35:53.257Z: DELETE /api/v1/users/delete/650a02cda5b50cff3eb2e157 was accessed
2023-09-19T20:36:01.428Z: DELETE /api/v1/users/delete/650a02cda5b50cff3eb2e157 was accessed
2023-09-19T20:36:23.204Z: DELETE /api/v1/users/delete/650a02cda5b50cff3eb2e157 was accessed
2023-09-19T20:40:18.704Z: POST /api/v1/books/add was accessed
2023-09-19T20:42:20.238Z: POST /api/v1/books/add was accessed
2023-09-19T20:44:21.740Z: POST /api/v1/books/add was accessed
2023-09-19T20:45:24.643Z: POST /api/v1/books/add was accessed
2023-09-19T20:46:05.200Z: POST /api/v1/books/add was accessed
2023-09-19T20:46:11.863Z: GET /api/v1/books/all was accessed
2023-09-19T20:46:47.652Z: GET /api/v1/books/all?search=dove&sortBy=price&sortOrder=desc&page=1&limit=5&filterField=&filterStart=&filterLimit= was accessed
2023-09-19T20:47:09.699Z: GET /api/v1/books/all?search=operating&sortBy=price&sortOrder=desc&page=1&limit=5&filterField=&filterStart=&filterLimit= was accessed
2023-09-19T20:47:54.954Z: GET /api/v1/books/all?sortBy=price&sortOrder=desc&page=1&limit=5&filterField=&filterStart=&filterLimit= was accessed
2023-09-19T20:48:25.678Z: GET /api/v1/books/all?sortBy=price&sortOrder=desc&page=1&limit=5&filterField=stock&filterStart=5&filterLimit=20 was accessed
2023-09-19T21:05:40.638Z: POST /api/v1/books/add was accessed
2023-09-19T21:06:37.511Z: POST /api/v1/books/add was accessed
2023-09-19T21:09:05.388Z: POST /api/v1/books/add was accessed
2023-09-19T21:09:25.424Z: POST /api/v1/books/add was accessed
2023-09-19T21:11:16.996Z: POST /api/v1/books/add was accessed
2023-09-19T21:11:54.590Z: GET /api/v1/books/all?page=1&limit=5 was accessed
2023-09-19T21:12:14.410Z: GET /api/v1/books/all was accessed
2023-09-19T21:12:32.475Z: GET /api/v1/books/all?page=1&limit=7 was accessed
2023-09-19T21:12:44.858Z: GET /api/v1/books/all?page=1&limit=5 was accessed
2023-09-19T21:13:47.556Z: DELETE /api/v1/books/delete/650a0e7508c4ee375aa2fb0f was accessed
2023-09-19T21:16:08.474Z: PATCH /api/v1/books/update/650a07acbc0fb28df13ee0a2 was accessed
2023-09-19T21:16:17.258Z: PATCH /api/v1/books/update/650a07acbc0fb28df13ee0a2 was accessed
2023-09-19T21:17:15.938Z: PATCH /api/v1/books/update/650a07acbc0fb28df13ee0a2 was accessed
2023-09-19T21:20:02.839Z: PATCH /api/v1/books/update/650a07acbc0fb28df13ee0a2 was accessed
2023-09-19T21:20:19.986Z: PATCH /api/v1/books/update/650a07acbc0fb28df13ee0a2 was accessed
2023-09-19T21:20:35.435Z: GET /api/v1/transactions/all was accessed
2023-09-19T21:21:08.267Z: GET /api/v1/transactions/all was accessed
2023-09-19T21:22:49.315Z: GET /api/v1/transactions/all was accessed
2023-09-19T21:25:04.236Z: GET /api/v1/transactions/all was accessed
2023-09-19T21:25:37.739Z: GET /api/v1/transactions/all was accessed
2023-09-19T21:27:43.254Z: GET /api/v1/transactions/all was accessed
2023-09-19T21:28:30.619Z: GET /api/v1/transactions/all was accessed
2023-09-19T21:29:06.626Z: GET /api/v1/transactions/all was accessed
2023-09-19T21:30:16.911Z: GET /api/v1/transactions/all was accessed
2023-09-19T21:30:54.515Z: GET /api/v1/transactions/all was accessed
2023-09-19T21:34:34.926Z: POST /api/v1/discounts/add was accessed
2023-09-19T21:35:11.324Z: POST /api/v1/discounts/add was accessed
2023-09-19T21:35:33.973Z: POST /api/v1/discounts/add was accessed
2023-09-19T21:35:48.537Z: POST /api/v1/discounts/add was accessed
2023-09-19T21:36:23.589Z: POST /api/v1/discounts/add was accessed
2023-09-19T21:37:50.025Z: POST /api/v1/discounts/add was accessed
2023-09-19T21:38:09.245Z: POST /api/v1/discounts/add was accessed
2023-09-19T21:38:14.715Z: POST /api/v1/discounts/add was accessed
2023-09-19T21:39:29.877Z: POST /api/v1/discounts/add was accessed
2023-09-19T21:39:42.626Z: POST /api/v1/discounts/add was accessed
2023-09-19T21:40:39.798Z: POST /api/v1/discounts/add was accessed
2023-09-19T21:41:18.940Z: POST /api/v1/discounts/add was accessed
2023-09-19T21:42:06.702Z: POST /api/v1/discounts/add was accessed
2023-09-19T21:46:02.419Z: POST /api/v1/discounts/add was accessed
2023-09-19T21:46:54.988Z: POST /api/v1/discounts/add was accessed
2023-09-19T21:47:50.018Z: POST /api/v1/discounts/add was accessed
2023-09-19T21:49:05.739Z: GET /api/v1/books/all?page=1&limit=5 was accessed
2023-09-19T21:49:23.616Z: GET /api/v1/books/all was accessed
2023-09-19T21:57:44.240Z: POST /api/v1/discounts/add was accessed
2023-09-19T21:58:32.167Z: POST /api/v1/discounts/add was accessed
2023-09-19T22:00:22.654Z: POST /api/v1/discounts/add was accessed
2023-09-19T22:00:41.107Z: POST /api/v1/discounts/add was accessed
2023-09-19T22:03:56.649Z: POST /api/v1/discounts/add was accessed
2023-09-19T22:04:35.076Z: POST /api/v1/discounts/add was accessed
2023-09-19T22:05:23.451Z: POST /api/v1/discounts/add was accessed
2023-09-19T22:05:39.210Z: POST /api/v1/discounts/add was accessed
2023-09-19T22:07:51.921Z: POST /api/v1/discounts/add was accessed
2023-09-19T22:08:21.405Z: POST /api/v1/discounts/add was accessed
2023-09-19T22:10:24.597Z: POST /api/v1/discounts/add was accessed
2023-09-19T22:12:21.964Z: PATCH /api/v1/discounts/update/650880f739ba3ee4e6b2a5e4 was accessed
2023-09-19T22:13:31.413Z: PATCH /api/v1/discounts/update/650880f739ba3ee4e6b2a5e4 was accessed
2023-09-19T22:13:59.902Z: PATCH /api/v1/discounts/update/650880f739ba3ee4e6b2a5e4 was accessed
2023-09-19T22:14:22.239Z: PATCH /api/v1/discounts/update/650880f739ba3ee4e6b2a5e4 was accessed
2023-09-19T22:17:59.251Z: PATCH /api/v1/discounts/update/650a1c51a7d1a89dd084571e was accessed
2023-09-19T22:23:04.893Z: POST /api/v1/auths/sign-up was accessed
2023-09-19T22:23:04.902Z: [object Object]/ Authentication route was accessed for signning up
2023-09-19T22:26:23.563Z: POST /api/v1/auths/login was accessed
2023-09-19T22:38:19.889Z: POST /api/v1/auths/login was accessed
2023-09-19T22:39:20.486Z: POST /api/v1/discounts/add was accessed
2023-09-19T22:39:56.555Z: POST /api/v1/discounts/add was accessed
2023-09-19T22:41:06.381Z: POST /api/v1/auths/sign-up was accessed
2023-09-19T22:41:06.383Z: [object Object]/ Authentication route was accessed for signning up
2023-09-19T22:41:49.840Z: POST /api/v1/auths/sign-up was accessed
2023-09-19T22:41:49.841Z: [object Object]/ Authentication route was accessed for signning up
2023-09-19T22:44:40.031Z: POST /api/v1/auths/login was accessed
2023-09-19T22:45:10.353Z: GET /api/v1/carts/get/6508abb30e3b7f230eb0088f was accessed
2023-09-19T22:46:22.935Z: GET /api/v1/carts/get/650a0228a5b50cff3eb2e150 was accessed
2023-09-19T22:47:48.820Z: POST /api/v1/carts/add was accessed
2023-09-19T22:48:24.270Z: POST /api/v1/carts/add was accessed
2023-09-19T22:49:20.662Z: POST /api/v1/carts/add was accessed
2023-09-19T22:54:27.977Z: POST /api/v1/carts/add was accessed
2023-09-19T22:55:23.855Z: DELETE /api/v1/carts/delete was accessed
2023-09-19T22:55:47.525Z: DELETE /api/v1/carts/delete was accessed
2023-09-19T22:56:16.272Z: GET /api/v1/carts/get/650a0228a5b50cff3eb2e150 was accessed
2023-09-19T23:06:18.481Z: GET /api/v1/transactions/get/650a1f4999e66424723eb48a was accessed
2023-09-19T23:07:13.687Z: GET /api/v1/transactions/get/650a1f4999e66424723eb48a was accessed
2023-09-19T23:07:21.007Z: GET /api/v1/transactions/get/650a1f4999e66424723eb48a was accessed
2023-09-19T23:08:06.455Z: GET /api/v1/transactions/get/650a1f4999e66424723eb48a was accessed
2023-09-19T23:09:02.434Z: POST /api/v1/transactions/checkout was accessed
2023-09-19T23:10:05.135Z: POST /api/v1/transactions/checkout was accessed
2023-09-19T23:10:24.753Z: POST /api/v1/auths/login was accessed
2023-09-19T23:10:44.403Z: POST /api/v1/transactions/checkout was accessed
2023-09-19T23:13:34.111Z: POST /api/v1/transactions/checkout was accessed
2023-09-19T23:14:43.611Z: POST /api/v1/transactions/checkout was accessed
2023-09-19T23:14:47.944Z: POST /api/v1/transactions/checkout was accessed
2023-09-19T23:16:05.157Z: POST /api/v1/transactions/checkout was accessed
2023-09-19T23:17:13.093Z: PUT /api/v1/users/update/balance/650a0228a5b50cff3eb2e150 was accessed
2023-09-19T23:17:30.565Z: POST /api/v1/transactions/checkout was accessed
2023-09-19T23:18:08.653Z: GET /api/v1/transactions/get/650a0228a5b50cff3eb2e150 was accessed
2023-09-19T23:19:22.088Z: GET /api/v1/transactions/get/650a0228a5b50cff3eb2e150 was accessed
2023-09-19T23:19:30.379Z: POST /api/v1/transactions/checkout was accessed
2023-09-19T23:19:41.403Z: GET /api/v1/transactions/get/650a0228a5b50cff3eb2e150 was accessed
2023-09-19T23:19:50.573Z: GET /api/v1/carts/get/650a0228a5b50cff3eb2e150 was accessed
2023-09-19T23:22:15.780Z: POST /api/v1/feedbacks/add was accessed
2023-09-19T23:23:19.276Z: POST /api/v1/feedbacks/add was accessed
2023-09-19T23:24:06.589Z: POST /api/v1/feedbacks/add was accessed
2023-09-19T23:27:23.983Z: POST /api/v1/feedbacks/add was accessed
2023-09-19T23:28:06.311Z: POST /api/v1/feedbacks/add was accessed
2023-09-19T23:29:18.702Z: POST /api/v1/auths/login was accessed
2023-09-19T23:30:58.018Z: POST /api/v1/carts/add was accessed
2023-09-19T23:32:17.385Z: POST /api/v1/transactions/checkout was accessed
2023-09-19T23:33:21.891Z: PUT /api/v1/users/update/balance/650a238299e66424723eb49d was accessed
2023-09-19T23:33:31.723Z: POST /api/v1/transactions/checkout was accessed
2023-09-19T23:34:02.188Z: GET /api/v1/transactions/get/650a238299e66424723eb49d was accessed
2023-09-19T23:34:33.415Z: POST /api/v1/feedbacks/add was accessed
2023-09-19T23:34:48.160Z: GET /api/v1/books/all?page=1&limit=5 was accessed
2023-09-20T00:07:47.994Z: POST /api/v1/auths/login was accessed
2023-09-20T00:14:24.154Z: GET /api/v1/books/all was accessed
2023-09-20T00:16:24.844Z: POST /api/v1/auths/login was accessed
2023-09-20T00:22:07.077Z: GET /api/v1/books/all was accessed
2023-09-20T02:06:30.774Z: GET /api/v1/books/all was accessed
2023-09-20T02:08:08.975Z: GET /api/v1/books/all was accessed
2023-09-20T02:09:43.717Z: GET /api/v1/books/all was accessed
2023-09-20T02:10:54.003Z: GET /api/v1/books/all was accessed
2023-09-20T02:11:29.319Z: GET /api/v1/books/all was accessed
2023-09-20T02:14:11.288Z: GET /api/v1/books/all?limit=5&filterField=price&filterStart=100&filterLimit=greater was accessed
2023-09-20T02:14:23.936Z: GET /api/v1/books/all?limit=5&filterField=price&filterStart=100&filterLimit=less was accessed
